mode: atomic
github.com/arkhe-os/arkhe-go/cmd/arkhe-node/main.go:21.13,34.45 8 0
github.com/arkhe-os/arkhe-go/cmd/arkhe-node/main.go:34.45,36.3 1 0
github.com/arkhe-os/arkhe-go/cmd/arkhe-node/main.go:39.2,49.41 5 0
github.com/arkhe-os/arkhe-go/cmd/arkhe-node/main.go:49.41,51.3 1 0
github.com/arkhe-os/arkhe-go/cmd/arkhe-node/main.go:53.2,56.59 2 0
github.com/arkhe-os/arkhe-go/cmd/arkhe-node/main.go:56.59,61.3 2 0
github.com/arkhe-os/arkhe-go/cmd/arkhe-node/main.go:64.2,71.20 4 0
github.com/arkhe-os/arkhe-go/cmd/arkhe-node/main.go:71.20,73.3 1 0
github.com/arkhe-os/arkhe-go/cmd/arkhe-node/main.go:76.2,76.20 1 0
github.com/arkhe-os/arkhe-go/cmd/arkhe-node/main.go:76.20,79.7 3 0
github.com/arkhe-os/arkhe-go/cmd/arkhe-node/main.go:79.7,80.11 1 0
github.com/arkhe-os/arkhe-go/cmd/arkhe-node/main.go:81.22,82.15 1 0
github.com/arkhe-os/arkhe-go/cmd/arkhe-node/main.go:83.20,84.36 1 0
github.com/arkhe-os/arkhe-go/cmd/arkhe-node/main.go:90.2,92.20 3 0
github.com/arkhe-os/arkhe-go/cmd/arkhe-node/main.go:92.20,97.3 4 0
github.com/arkhe-os/arkhe-go/cmd/arkhe-node/main.go:100.2,106.33 2 0
github.com/arkhe-os/arkhe-go/cmd/arkhe-node/main.go:106.33,109.3 2 0
github.com/arkhe-os/arkhe-go/cmd/arkhe-node/main.go:111.2,111.46 1 0
github.com/arkhe-os/arkhe-go/cmd/arkhe-node/main.go:114.134,120.6 3 0
github.com/arkhe-os/arkhe-go/cmd/arkhe-node/main.go:120.6,121.10 1 0
github.com/arkhe-os/arkhe-go/cmd/arkhe-node/main.go:122.21,123.14 1 0
github.com/arkhe-os/arkhe-go/cmd/arkhe-node/main.go:124.19,131.18 2 0
github.com/arkhe-os/arkhe-go/cmd/arkhe-node/main.go:131.18,133.13 2 0
github.com/arkhe-os/arkhe-go/cmd/arkhe-node/main.go:137.4,138.25 2 0
github.com/arkhe-os/arkhe-go/cmd/arkhe-node/main.go:138.25,145.5 1 0
github.com/arkhe-os/arkhe-go/cmd/arkhe-node/main.go:145.10,150.5 1 0
github.com/arkhe-os/arkhe-go/cmd/arkhe-node/main.go:155.73,163.2 2 0
github.com/arkhe-os/arkhe-go/pkg/interlink/laser.go:41.38,52.2 1 0
github.com/arkhe-os/arkhe-go/pkg/interlink/laser.go:101.116,109.2 1 0
github.com/arkhe-os/arkhe-go/pkg/interlink/laser.go:112.99,116.19 3 0
github.com/arkhe-os/arkhe-go/pkg/interlink/laser.go:116.19,119.3 2 0
github.com/arkhe-os/arkhe-go/pkg/interlink/laser.go:121.2,126.3 1 0
github.com/arkhe-os/arkhe-go/pkg/interlink/laser.go:130.73,134.9 4 0
github.com/arkhe-os/arkhe-go/pkg/interlink/laser.go:134.9,136.3 1 0
github.com/arkhe-os/arkhe-go/pkg/interlink/laser.go:139.2,140.25 2 0
github.com/arkhe-os/arkhe-go/pkg/interlink/laser.go:140.25,143.3 2 0
github.com/arkhe-os/arkhe-go/pkg/interlink/laser.go:144.2,145.35 2 0
github.com/arkhe-os/arkhe-go/pkg/interlink/laser.go:149.72,151.16 2 0
github.com/arkhe-os/arkhe-go/pkg/interlink/laser.go:151.16,153.3 1 0
github.com/arkhe-os/arkhe-go/pkg/interlink/laser.go:155.2,160.66 5 0
github.com/arkhe-os/arkhe-go/pkg/interlink/laser.go:164.121,176.17 4 0
github.com/arkhe-os/arkhe-go/pkg/interlink/laser.go:176.17,178.3 1 0
github.com/arkhe-os/arkhe-go/pkg/interlink/laser.go:181.2,213.3 11 0
github.com/arkhe-os/arkhe-go/pkg/interlink/laser.go:217.47,218.20 1 0
github.com/arkhe-os/arkhe-go/pkg/interlink/laser.go:219.21,220.13 1 0
github.com/arkhe-os/arkhe-go/pkg/interlink/laser.go:221.14,222.13 1 0
github.com/arkhe-os/arkhe-go/pkg/interlink/laser.go:223.27,224.13 1 0
github.com/arkhe-os/arkhe-go/pkg/interlink/laser.go:225.16,226.13 1 0
github.com/arkhe-os/arkhe-go/pkg/interlink/laser.go:227.17,228.13 1 0
github.com/arkhe-os/arkhe-go/pkg/interlink/laser.go:229.10,230.13 1 0
github.com/arkhe-os/arkhe-go/pkg/interlink/laser.go:235.60,239.20 3 0
github.com/arkhe-os/arkhe-go/pkg/interlink/laser.go:240.29,241.37 1 0
github.com/arkhe-os/arkhe-go/pkg/interlink/laser.go:242.17,243.33 1 0
github.com/arkhe-os/arkhe-go/pkg/interlink/laser.go:244.16,245.39 1 0
github.com/arkhe-os/arkhe-go/pkg/interlink/laser.go:246.16,247.40 1 0
github.com/arkhe-os/arkhe-go/pkg/interlink/laser.go:248.17,252.15 3 0
github.com/arkhe-os/arkhe-go/pkg/interlink/laser.go:252.15,254.4 1 0
github.com/arkhe-os/arkhe-go/pkg/interlink/laser.go:254.9,257.4 1 0
github.com/arkhe-os/arkhe-go/pkg/interlink/laser.go:258.3,258.51 1 0
github.com/arkhe-os/arkhe-go/pkg/interlink/laser.go:259.10,260.12 1 0
github.com/arkhe-os/arkhe-go/pkg/interlink/laser.go:264.2,267.53 3 0
github.com/arkhe-os/arkhe-go/pkg/interlink/laser.go:271.64,281.45 2 0
github.com/arkhe-os/arkhe-go/pkg/interlink/laser.go:281.45,283.3 1 0
github.com/arkhe-os/arkhe-go/pkg/interlink/laser.go:284.2,284.13 1 0
github.com/arkhe-os/arkhe-go/pkg/interlink/laser.go:300.45,310.23 9 0
github.com/arkhe-os/arkhe-go/pkg/interlink/laser.go:310.23,312.3 1 0
github.com/arkhe-os/arkhe-go/pkg/interlink/laser.go:315.2,316.45 2 0
github.com/arkhe-os/arkhe-go/pkg/interlink/laser.go:316.46,319.3 0 0
github.com/arkhe-os/arkhe-go/pkg/interlink/laser.go:322.2,326.14 4 0
github.com/arkhe-os/arkhe-go/pkg/interlink/laser.go:330.70,331.20 1 0
github.com/arkhe-os/arkhe-go/pkg/interlink/laser.go:331.20,333.3 1 0
github.com/arkhe-os/arkhe-go/pkg/interlink/laser.go:336.2,338.25 3 0
github.com/arkhe-os/arkhe-go/pkg/interlink/laser.go:338.25,339.39 1 0
github.com/arkhe-os/arkhe-go/pkg/interlink/laser.go:339.39,341.4 1 0
github.com/arkhe-os/arkhe-go/pkg/interlink/laser.go:345.2,345.62 1 0
github.com/arkhe-os/arkhe-go/pkg/interlink/laser.go:345.62,347.3 1 0
github.com/arkhe-os/arkhe-go/pkg/interlink/laser.go:349.2,360.19 2 0
github.com/arkhe-os/arkhe-go/pkg/interlink/laser.go:364.84,383.16 8 0
github.com/arkhe-os/arkhe-go/pkg/interlink/laser.go:383.16,385.3 1 0
github.com/arkhe-os/arkhe-go/pkg/interlink/laser.go:386.2,386.24 1 0
github.com/arkhe-os/arkhe-go/pkg/interlink/laser.go:386.24,388.3 1 0
github.com/arkhe-os/arkhe-go/pkg/interlink/laser.go:391.2,405.12 7 0
github.com/arkhe-os/arkhe-go/pkg/interlink/laser.go:409.37,413.2 3 0
github.com/arkhe-os/arkhe-go/pkg/temporal/message.go:22.89,24.16 2 0
github.com/arkhe-os/arkhe-go/pkg/temporal/message.go:24.16,26.3 1 0
github.com/arkhe-os/arkhe-go/pkg/temporal/message.go:28.2,29.82 1 0
github.com/arkhe-os/arkhe-go/pkg/temporal/message.go:29.82,29.136 2 0
github.com/arkhe-os/arkhe-go/pkg/temporal/message.go:40.43,62.2 4 0
github.com/arkhe-os/arkhe-go/pkg/temporal/message.go:65.51,67.2 1 0
github.com/arkhe-os/arkhe-go/pkg/temporal/message.go:70.48,72.2 1 0
github.com/arkhe-os/arkhe-go/pkg/temporal/message.go:75.44,76.16 1 0
github.com/arkhe-os/arkhe-go/pkg/temporal/message.go:76.16,78.3 1 0
github.com/arkhe-os/arkhe-go/pkg/temporal/message.go:79.2,79.25 1 0
github.com/arkhe-os/arkhe-go/pkg/temporal/message.go:79.25,81.3 1 0
github.com/arkhe-os/arkhe-go/pkg/temporal/message.go:82.2,82.48 1 0
github.com/arkhe-os/arkhe-go/pkg/temporal/message.go:82.48,84.3 1 0
github.com/arkhe-os/arkhe-go/pkg/temporal/message.go:85.2,85.12 1 0
github.com/arkhe-os/arkhe-go/pkg/oracle/consistency.go:22.37,24.2 1 0
github.com/arkhe-os/arkhe-go/pkg/oracle/consistency.go:64.88,72.27 2 0
github.com/arkhe-os/arkhe-go/pkg/oracle/consistency.go:72.27,74.3 1 0
github.com/arkhe-os/arkhe-go/pkg/oracle/consistency.go:75.2,75.10 1 0
github.com/arkhe-os/arkhe-go/pkg/oracle/consistency.go:79.63,80.32 1 0
github.com/arkhe-os/arkhe-go/pkg/oracle/consistency.go:80.32,82.3 1 0
github.com/arkhe-os/arkhe-go/pkg/oracle/consistency.go:86.60,87.32 1 0
github.com/arkhe-os/arkhe-go/pkg/oracle/consistency.go:87.32,89.3 1 0
github.com/arkhe-os/arkhe-go/pkg/oracle/consistency.go:94.55,95.31 1 0
github.com/arkhe-os/arkhe-go/pkg/oracle/consistency.go:95.31,97.3 1 0
github.com/arkhe-os/arkhe-go/pkg/oracle/consistency.go:98.2,99.36 2 0
github.com/arkhe-os/arkhe-go/pkg/oracle/consistency.go:103.68,105.2 1 0
github.com/arkhe-os/arkhe-go/pkg/oracle/consistency.go:108.83,112.42 3 0
github.com/arkhe-os/arkhe-go/pkg/oracle/consistency.go:112.42,115.3 2 0
github.com/arkhe-os/arkhe-go/pkg/oracle/consistency.go:116.2,135.25 5 0
github.com/arkhe-os/arkhe-go/pkg/oracle/consistency.go:135.25,140.3 1 0
github.com/arkhe-os/arkhe-go/pkg/oracle/consistency.go:142.2,142.30 1 0
github.com/arkhe-os/arkhe-go/pkg/oracle/consistency.go:142.30,146.3 3 0
github.com/arkhe-os/arkhe-go/pkg/oracle/consistency.go:149.2,150.27 2 0
github.com/arkhe-os/arkhe-go/pkg/oracle/consistency.go:150.27,151.16 1 0
github.com/arkhe-os/arkhe-go/pkg/oracle/consistency.go:151.16,153.4 1 0
github.com/arkhe-os/arkhe-go/pkg/oracle/consistency.go:157.2,159.21 3 0
github.com/arkhe-os/arkhe-go/pkg/oracle/consistency.go:159.21,162.3 2 0
github.com/arkhe-os/arkhe-go/pkg/oracle/consistency.go:165.2,166.30 2 0
github.com/arkhe-os/arkhe-go/pkg/oracle/consistency.go:166.30,167.61 1 0
github.com/arkhe-os/arkhe-go/pkg/oracle/consistency.go:167.61,169.9 2 0
github.com/arkhe-os/arkhe-go/pkg/oracle/consistency.go:174.2,175.17 2 0
github.com/arkhe-os/arkhe-go/pkg/oracle/consistency.go:175.17,177.15 2 0
github.com/arkhe-os/arkhe-go/pkg/oracle/consistency.go:177.15,179.4 1 0
github.com/arkhe-os/arkhe-go/pkg/oracle/consistency.go:182.2,198.31 4 0
github.com/arkhe-os/arkhe-go/pkg/oracle/consistency.go:198.31,200.31 1 0
github.com/arkhe-os/arkhe-go/pkg/oracle/consistency.go:200.31,202.9 2 0
github.com/arkhe-os/arkhe-go/pkg/oracle/consistency.go:205.2,207.15 2 0
github.com/arkhe-os/arkhe-go/pkg/oracle/consistency.go:211.90,218.36 5 0
github.com/arkhe-os/arkhe-go/pkg/oracle/consistency.go:218.36,219.38 1 0
github.com/arkhe-os/arkhe-go/pkg/oracle/consistency.go:219.38,222.4 2 0
github.com/arkhe-os/arkhe-go/pkg/oracle/consistency.go:225.2,225.34 1 0
github.com/arkhe-os/arkhe-go/pkg/oracle/consistency.go:229.93,235.45 4 0
github.com/arkhe-os/arkhe-go/pkg/oracle/consistency.go:235.45,237.55 1 0
github.com/arkhe-os/arkhe-go/pkg/oracle/consistency.go:237.55,240.4 2 0
github.com/arkhe-os/arkhe-go/pkg/oracle/consistency.go:242.2,245.65 2 0
github.com/arkhe-os/arkhe-go/pkg/oracle/consistency.go:245.65,248.3 2 0
github.com/arkhe-os/arkhe-go/pkg/oracle/consistency.go:250.2,250.21 1 0
github.com/arkhe-os/arkhe-go/pkg/oracle/consistency.go:254.93,255.19 1 0
github.com/arkhe-os/arkhe-go/pkg/oracle/consistency.go:255.19,257.3 1 0
github.com/arkhe-os/arkhe-go/pkg/oracle/consistency.go:258.2,259.29 2 0
github.com/arkhe-os/arkhe-go/pkg/oracle/consistency.go:259.29,260.54 1 0
github.com/arkhe-os/arkhe-go/pkg/oracle/consistency.go:260.54,262.4 1 0
github.com/arkhe-os/arkhe-go/pkg/oracle/consistency.go:264.2,265.14 2 0
github.com/arkhe-os/arkhe-go/pkg/oracle/consistency.go:269.93,274.30 4 0
github.com/arkhe-os/arkhe-go/pkg/oracle/consistency.go:274.30,277.3 2 0
github.com/arkhe-os/arkhe-go/pkg/oracle/consistency.go:282.2,282.21 1 0
github.com/arkhe-os/arkhe-go/pkg/oracle/consistency.go:286.90,299.2 5 0
github.com/arkhe-os/arkhe-go/pkg/oracle/consistency.go:302.89,308.25 3 0
github.com/arkhe-os/arkhe-go/pkg/oracle/consistency.go:308.25,309.50 1 0
github.com/arkhe-os/arkhe-go/pkg/oracle/consistency.go:309.50,312.4 1 0
github.com/arkhe-os/arkhe-go/pkg/oracle/consistency.go:315.2,315.21 1 0
github.com/arkhe-os/arkhe-go/pkg/oracle/consistency.go:319.96,325.47 4 0
github.com/arkhe-os/arkhe-go/pkg/oracle/consistency.go:325.47,328.3 2 0
github.com/arkhe-os/arkhe-go/pkg/oracle/consistency.go:330.2,330.21 1 0
github.com/arkhe-os/arkhe-go/pkg/oracle/consistency.go:334.99,335.26 1 0
github.com/arkhe-os/arkhe-go/pkg/oracle/consistency.go:335.26,337.3 1 0
github.com/arkhe-os/arkhe-go/pkg/oracle/consistency.go:339.2,348.40 7 0
github.com/arkhe-os/arkhe-go/pkg/oracle/consistency.go:348.40,349.80 1 0
github.com/arkhe-os/arkhe-go/pkg/oracle/consistency.go:349.80,351.9 2 0
github.com/arkhe-os/arkhe-go/pkg/oracle/consistency.go:355.2,355.19 1 0
github.com/arkhe-os/arkhe-go/pkg/oracle/consistency.go:355.19,360.3 2 0
github.com/arkhe-os/arkhe-go/pkg/oracle/consistency.go:362.2,362.21 1 0
github.com/arkhe-os/arkhe-go/pkg/oracle/consistency.go:366.69,368.9 2 0
github.com/arkhe-os/arkhe-go/pkg/oracle/consistency.go:369.40,370.23 1 0
github.com/arkhe-os/arkhe-go/pkg/oracle/consistency.go:371.51,372.22 1 0
github.com/arkhe-os/arkhe-go/pkg/oracle/consistency.go:373.41,374.26 1 0
github.com/arkhe-os/arkhe-go/pkg/oracle/consistency.go:375.32,376.19 1 0
github.com/arkhe-os/arkhe-go/pkg/oracle/consistency.go:377.36,378.16 1 0
github.com/arkhe-os/arkhe-go/pkg/oracle/consistency.go:379.47,380.29 1 0
github.com/arkhe-os/arkhe-go/pkg/oracle/consistency.go:381.54,382.27 1 0
github.com/arkhe-os/arkhe-go/pkg/oracle/consistency.go:383.42,384.31 1 0
github.com/arkhe-os/arkhe-go/pkg/oracle/consistency.go:385.10,386.12 1 0
github.com/arkhe-os/arkhe-go/pkg/oracle/consistency.go:392.48,395.2 2 0
github.com/arkhe-os/arkhe-go/pkg/oracle/consistency.go:397.49,398.30 1 0
github.com/arkhe-os/arkhe-go/pkg/oracle/consistency.go:398.30,399.74 1 0
github.com/arkhe-os/arkhe-go/pkg/oracle/consistency.go:399.74,401.4 1 0
github.com/arkhe-os/arkhe-go/pkg/oracle/consistency.go:403.2,403.14 1 0
github.com/arkhe-os/arkhe-go/pkg/oracle/consistency.go:406.42,407.22 1 0
github.com/arkhe-os/arkhe-go/pkg/oracle/consistency.go:407.22,408.13 1 0
github.com/arkhe-os/arkhe-go/pkg/oracle/consistency.go:408.13,410.4 1 0
github.com/arkhe-os/arkhe-go/pkg/oracle/consistency.go:412.2,412.14 1 0
github.com/arkhe-os/arkhe-go/pkg/oracle/consistency.go:415.40,417.25 2 0
github.com/arkhe-os/arkhe-go/pkg/oracle/consistency.go:417.25,419.3 1 0
github.com/arkhe-os/arkhe-go/pkg/oracle/consistency.go:420.2,420.15 1 0
github.com/arkhe-os/arkhe-go/pkg/oracle/consistency.go:424.68,428.2 3 0
